  Graphics.cpp
  Line.cpp
  Sprite.cpp
Sprite.cpp(87): warning C4244: =: преобразование "int" в "float", возможна потеря данных
Sprite.cpp(88): warning C4244: =: преобразование "int" в "float", возможна потеря данных
Sprite.cpp(90): warning C4244: =: преобразование "int" в "float", возможна потеря данных
Sprite.cpp(91): warning C4244: =: преобразование "int" в "float", возможна потеря данных
Sprite.cpp(93): warning C4244: =: преобразование "int" в "float", возможна потеря данных
Sprite.cpp(94): warning C4244: =: преобразование "int" в "float", возможна потеря данных
Sprite.cpp(96): warning C4244: =: преобразование "int" в "float", возможна потеря данных
Sprite.cpp(97): warning C4244: =: преобразование "int" в "float", возможна потеря данных
Sprite.cpp(173): warning C4244: =: преобразование "int" в "float", возможна потеря данных
Sprite.cpp(174): warning C4244: =: преобразование "int" в "float", возможна потеря данных
Sprite.cpp(176): warning C4244: =: преобразование "int" в "float", возможна потеря данных
Sprite.cpp(177): warning C4244: =: преобразование "int" в "float", возможна потеря данных
Sprite.cpp(179): warning C4244: =: преобразование "int" в "float", возможна потеря данных
Sprite.cpp(180): warning C4244: =: преобразование "int" в "float", возможна потеря данных
Sprite.cpp(182): warning C4244: =: преобразование "int" в "float", возможна потеря данных
Sprite.cpp(183): warning C4244: =: преобразование "int" в "float", возможна потеря данных
  SpriteShader.cpp
  TextFont.cpp
TextFont.cpp(17): warning C4018: <: несоответствие типов со знаком и без знака
TextFont.cpp(105): warning C4996: 'fopen': This function or variable may be unsafe. Consider using fopen_s instead. To disable deprecation, use _CRT_SECURE_NO_WARNINGS. See online help for details.
  C:\Program Files (x86)\Windows Kits\10\Include\10.0.10240.0\ucrt\stdio.h(205): note:  см. объявление "fopen"
     Создается библиотека D:\Documents\Visual Studio 2015\Projects\SportPitGame\Libs\Release\Graphics.lib и объект D:\Documents\Visual Studio 2015\Projects\SportPitGame\Libs\Release\Graphics.exp
  Создание кода
  183 of 550 functions (33.3%) were compiled, the rest were copied from previous compilation.
    120 functions were new in current compilation
    47 functions had inline decision re-evaluated but remain unchanged
  Создание кода завершено
  Graphics.vcxproj -> D:\Documents\Visual Studio 2015\Projects\SportPitGame\Libs\Release\Graphics.dll
  D:\Documents\Visual Studio 2015\Projects\SportPitGame\Libs\Release\Graphics.dll
  Скопировано файлов: 1.
