  TextureTGA.cpp
d:\documents\visual studio 2015\projects\sportpitgame\graphics\texturetga.cpp(96): warning C4996: 'fopen': This function or variable may be unsafe. Consider using fopen_s instead. To disable deprecation, use _CRT_SECURE_NO_WARNINGS. See online help for details.
  c:\program files (x86)\windows kits\10\include\10.0.10240.0\ucrt\stdio.h(205): note:  см. объявление "fopen"
  TextFont.cpp
d:\documents\visual studio 2015\projects\sportpitgame\graphics\textfont.cpp(17): warning C4018: <: несоответствие типов со знаком и без знака
d:\documents\visual studio 2015\projects\sportpitgame\graphics\textfont.cpp(105): warning C4996: 'fopen': This function or variable may be unsafe. Consider using fopen_s instead. To disable deprecation, use _CRT_SECURE_NO_WARNINGS. See online help for details.
  c:\program files (x86)\windows kits\10\include\10.0.10240.0\ucrt\stdio.h(205): note:  см. объявление "fopen"
  SpriteShader.cpp
  Sprite.cpp
d:\documents\visual studio 2015\projects\sportpitgame\graphics\sprite.cpp(87): warning C4244: =: преобразование "int" в "float", возможна потеря данных
d:\documents\visual studio 2015\projects\sportpitgame\graphics\sprite.cpp(88): warning C4244: =: преобразование "int" в "float", возможна потеря данных
d:\documents\visual studio 2015\projects\sportpitgame\graphics\sprite.cpp(90): warning C4244: =: преобразование "int" в "float", возможна потеря данных
d:\documents\visual studio 2015\projects\sportpitgame\graphics\sprite.cpp(91): warning C4244: =: преобразование "int" в "float", возможна потеря данных
d:\documents\visual studio 2015\projects\sportpitgame\graphics\sprite.cpp(93): warning C4244: =: преобразование "int" в "float", возможна потеря данных
d:\documents\visual studio 2015\projects\sportpitgame\graphics\sprite.cpp(94): warning C4244: =: преобразование "int" в "float", возможна потеря данных
d:\documents\visual studio 2015\projects\sportpitgame\graphics\sprite.cpp(96): warning C4244: =: преобразование "int" в "float", возможна потеря данных
d:\documents\visual studio 2015\projects\sportpitgame\graphics\sprite.cpp(97): warning C4244: =: преобразование "int" в "float", возможна потеря данных
d:\documents\visual studio 2015\projects\sportpitgame\graphics\sprite.cpp(173): warning C4244: =: преобразование "int" в "float", возможна потеря данных
d:\documents\visual studio 2015\projects\sportpitgame\graphics\sprite.cpp(174): warning C4244: =: преобразование "int" в "float", возможна потеря данных
d:\documents\visual studio 2015\projects\sportpitgame\graphics\sprite.cpp(176): warning C4244: =: преобразование "int" в "float", возможна потеря данных
d:\documents\visual studio 2015\projects\sportpitgame\graphics\sprite.cpp(177): warning C4244: =: преобразование "int" в "float", возможна потеря данных
d:\documents\visual studio 2015\projects\sportpitgame\graphics\sprite.cpp(179): warning C4244: =: преобразование "int" в "float", возможна потеря данных
d:\documents\visual studio 2015\projects\sportpitgame\graphics\sprite.cpp(180): warning C4244: =: преобразование "int" в "float", возможна потеря данных
d:\documents\visual studio 2015\projects\sportpitgame\graphics\sprite.cpp(182): warning C4244: =: преобразование "int" в "float", возможна потеря данных
d:\documents\visual studio 2015\projects\sportpitgame\graphics\sprite.cpp(183): warning C4244: =: преобразование "int" в "float", возможна потеря данных
  PNGLoader.cpp
  Line.cpp
  Graphics.cpp
  Создание кода...
     Создается библиотека D:\Documents\Visual Studio 2015\Projects\SportPitGame\Libs\Debug\Graphics.lib и объект D:\Documents\Visual Studio 2015\Projects\SportPitGame\Libs\Debug\Graphics.exp
  Graphics.vcxproj -> D:\Documents\Visual Studio 2015\Projects\SportPitGame\Libs\Debug\Graphics.dll
  D:\Documents\Visual Studio 2015\Projects\SportPitGame\Libs\Debug\Graphics.dll
  Скопировано файлов: 1.
