  TextureTGA.cpp
d:\documents\visual studio 2015\projects\sportpitgame\graphics\texturetga.cpp(113): warning C4267: =: преобразование из "size_t" в "uint32_t"; возможна потеря данных
d:\documents\visual studio 2015\projects\sportpitgame\graphics\texturetga.cpp(96): warning C4996: 'fopen': This function or variable may be unsafe. Consider using fopen_s instead. To disable deprecation, use _CRT_SECURE_NO_WARNINGS. See online help for details.
  c:\program files (x86)\windows kits\10\include\10.0.10240.0\ucrt\stdio.h(205): note:  см. объявление "fopen"
  TextFont.cpp
d:\documents\visual studio 2015\projects\sportpitgame\graphics\textfont.cpp(17): warning C4018: <: несоответствие типов со знаком и без знака
d:\documents\visual studio 2015\projects\sportpitgame\graphics\textfont.cpp(122): warning C4267: =: преобразование из "size_t" в "uint32_t"; возможна потеря данных
d:\documents\visual studio 2015\projects\sportpitgame\graphics\textfont.cpp(105): warning C4996: 'fopen': This function or variable may be unsafe. Consider using fopen_s instead. To disable deprecation, use _CRT_SECURE_NO_WARNINGS. See online help for details.
  c:\program files (x86)\windows kits\10\include\10.0.10240.0\ucrt\stdio.h(205): note:  см. объявление "fopen"
  SpriteShader.cpp
  Sprite.cpp
d:\documents\visual studio 2015\projects\sportpitgame\graphics\sprite.cpp(87): warning C4244: =: преобразование "int" в "float", возможна потеря данных
d:\documents\visual studio 2015\projects\sportpitgame\graphics\sprite.cpp(88): warning C4244: =: преобразование "int" в "float", возможна потеря данных
d:\documents\visual studio 2015\projects\sportpitgame\graphics\sprite.cpp(90): warning C4244: =: преобразование "int" в "float", возможна потеря данных
d:\documents\visual studio 2015\projects\sportpitgame\graphics\sprite.cpp(91): warning C4244: =: преобразование "int" в "float", возможна потеря данных
d:\documents\visual studio 2015\projects\sportpitgame\graphics\sprite.cpp(93): warning C4244: =: преобразование "int" в "float", возможна потеря данных
d:\documents\visual studio 2015\projects\sportpitgame\graphics\sprite.cpp(94): warning C4244: =: преобразование "int" в "float", возможна потеря данных
d:\documents\visual studio 2015\projects\sportpitgame\graphics\sprite.cpp(96): warning C4244: =: преобразование "int" в "float", возможна потеря данных
d:\documents\visual studio 2015\projects\sportpitgame\graphics\sprite.cpp(97): warning C4244: =: преобразование "int" в "float", возможна потеря данных
d:\documents\visual studio 2015\projects\sportpitgame\graphics\sprite.cpp(173): warning C4244: =: преобразование "int" в "float", возможна потеря данных
d:\documents\visual studio 2015\projects\sportpitgame\graphics\sprite.cpp(174): warning C4244: =: преобразование "int" в "float", возможна потеря данных
d:\documents\visual studio 2015\projects\sportpitgame\graphics\sprite.cpp(176): warning C4244: =: преобразование "int" в "float", возможна потеря данных
d:\documents\visual studio 2015\projects\sportpitgame\graphics\sprite.cpp(177): warning C4244: =: преобразование "int" в "float", возможна потеря данных
d:\documents\visual studio 2015\projects\sportpitgame\graphics\sprite.cpp(179): warning C4244: =: преобразование "int" в "float", возможна потеря данных
d:\documents\visual studio 2015\projects\sportpitgame\graphics\sprite.cpp(180): warning C4244: =: преобразование "int" в "float", возможна потеря данных
d:\documents\visual studio 2015\projects\sportpitgame\graphics\sprite.cpp(182): warning C4244: =: преобразование "int" в "float", возможна потеря данных
d:\documents\visual studio 2015\projects\sportpitgame\graphics\sprite.cpp(183): warning C4244: =: преобразование "int" в "float", возможна потеря данных
  Line.cpp
  Graphics.cpp
  Создание кода...
     Создается библиотека D:\Documents\Visual Studio 2015\Projects\SportPitGame\x64\Debug\Graphics.lib и объект D:\Documents\Visual Studio 2015\Projects\SportPitGame\x64\Debug\Graphics.exp
Graphics.obj : error LNK2019: ссылка на неразрешенный внешний символ __imp_glBlendFunc в функции "public: __cdecl Graphics::Graphics(void)" (??0Graphics@@QEAA@XZ)
Graphics.obj : error LNK2019: ссылка на неразрешенный внешний символ __imp_glDisable в функции "public: __cdecl Graphics::Graphics(void)" (??0Graphics@@QEAA@XZ)
Graphics.obj : error LNK2019: ссылка на неразрешенный внешний символ __imp_glEnable в функции "public: __cdecl Graphics::Graphics(void)" (??0Graphics@@QEAA@XZ)
Graphics.obj : error LNK2001: неразрешенный внешний символ "__imp___glewAttachShader"
Graphics.obj : error LNK2001: неразрешенный внешний символ "__imp___glewCompileShader"
Graphics.obj : error LNK2001: неразрешенный внешний символ "__imp___glewCreateProgram"
Graphics.obj : error LNK2001: неразрешенный внешний символ "__imp___glewCreateShader"
Graphics.obj : error LNK2001: неразрешенный внешний символ "__imp___glewDeleteShader"
Graphics.obj : error LNK2001: неразрешенный внешний символ "__imp___glewGetProgramInfoLog"
Graphics.obj : error LNK2001: неразрешенный внешний символ "__imp___glewGetProgramiv"
Graphics.obj : error LNK2001: неразрешенный внешний символ "__imp___glewGetShaderInfoLog"
Graphics.obj : error LNK2001: неразрешенный внешний символ "__imp___glewGetShaderiv"
Graphics.obj : error LNK2001: неразрешенный внешний символ "__imp___glewLinkProgram"
Graphics.obj : error LNK2001: неразрешенный внешний символ "__imp___glewShaderSource"
Graphics.obj : error LNK2001: неразрешенный внешний символ "__imp___glewBindVertexArray"
Graphics.obj : error LNK2001: неразрешенный внешний символ "__imp___glewDeleteVertexArrays"
Graphics.obj : error LNK2001: неразрешенный внешний символ "__imp___glewGenVertexArrays"
Line.obj : error LNK2019: ссылка на неразрешенный внешний символ __imp_glDrawArrays в функции "public: void __cdecl Line::Draw(struct glm::tmat4x4<float,0> *,class SpriteShader *)" (?Draw@Line@@QEAAXPEAU?$tmat4x4@M$0A@@glm@@PEAVSpriteShader@@@Z)
Line.obj : error LNK2001: неразрешенный внешний символ "__imp___glewBindBuffer"
Sprite.obj : error LNK2001: неразрешенный внешний символ "__imp___glewBindBuffer"
Line.obj : error LNK2001: неразрешенный внешний символ "__imp___glewBufferData"
Sprite.obj : error LNK2001: неразрешенный внешний символ "__imp___glewBufferData"
Line.obj : error LNK2001: неразрешенный внешний символ "__imp___glewDeleteBuffers"
Sprite.obj : error LNK2001: неразрешенный внешний символ "__imp___glewDeleteBuffers"
Line.obj : error LNK2001: неразрешенный внешний символ "__imp___glewGenBuffers"
Sprite.obj : error LNK2001: неразрешенный внешний символ "__imp___glewGenBuffers"
Line.obj : error LNK2001: неразрешенный внешний символ "__imp___glewDisableVertexAttribArray"
Sprite.obj : error LNK2001: неразрешенный внешний символ "__imp___glewDisableVertexAttribArray"
Line.obj : error LNK2001: неразрешенный внешний символ "__imp___glewEnableVertexAttribArray"
Sprite.obj : error LNK2001: неразрешенный внешний символ "__imp___glewEnableVertexAttribArray"
Line.obj : error LNK2001: неразрешенный внешний символ "__imp___glewUniform1i"
Sprite.obj : error LNK2001: неразрешенный внешний символ "__imp___glewUniform1i"
Line.obj : error LNK2001: неразрешенный внешний символ "__imp___glewUniform4fv"
Sprite.obj : error LNK2001: неразрешенный внешний символ "__imp___glewUniform4fv"
Line.obj : error LNK2001: неразрешенный внешний символ "__imp___glewUniformMatrix4fv"
Sprite.obj : error LNK2001: неразрешенный внешний символ "__imp___glewUniformMatrix4fv"
Line.obj : error LNK2001: неразрешенный внешний символ "__imp___glewUseProgram"
Sprite.obj : error LNK2001: неразрешенный внешний символ "__imp___glewUseProgram"
Line.obj : error LNK2001: неразрешенный внешний символ "__imp___glewVertexAttribPointer"
Sprite.obj : error LNK2001: неразрешенный внешний символ "__imp___glewVertexAttribPointer"
Sprite.obj : error LNK2019: ссылка на неразрешенный внешний символ __imp_glBindTexture в функции "public: void __cdecl Sprite::Draw(struct glm::tmat4x4<float,0> *,struct glm::tmat4x4<float,0> *,struct glm::tmat4x4<float,0> *,class SpriteShader *)" (?Draw@Sprite@@QEAAXPEAU?$tmat4x4@M$0A@@glm@@00PEAVSpriteShader@@@Z)
TextureTGA.obj : error LNK2001: неразрешенный внешний символ "__imp_glBindTexture"
Sprite.obj : error LNK2019: ссылка на неразрешенный внешний символ __imp_glDrawElements в функции "public: void __cdecl Sprite::Draw(struct glm::tmat4x4<float,0> *,struct glm::tmat4x4<float,0> *,struct glm::tmat4x4<float,0> *,class SpriteShader *)" (?Draw@Sprite@@QEAAXPEAU?$tmat4x4@M$0A@@glm@@00PEAVSpriteShader@@@Z)
Sprite.obj : error LNK2019: ссылка на неразрешенный внешний символ __imp_glGenTextures в функции "private: void __cdecl Sprite::LoadTexture(char const *)" (?LoadTexture@Sprite@@AEAAXPEBD@Z)
TextureTGA.obj : error LNK2001: неразрешенный внешний символ "__imp_glGenTextures"
Sprite.obj : error LNK2019: ссылка на неразрешенный внешний символ __imp_glTexImage2D в функции "private: void __cdecl Sprite::LoadTexture(char const *)" (?LoadTexture@Sprite@@AEAAXPEBD@Z)
TextureTGA.obj : error LNK2001: неразрешенный внешний символ "__imp_glTexImage2D"
Sprite.obj : error LNK2019: ссылка на неразрешенный внешний символ __imp_glTexParameteri в функции "private: void __cdecl Sprite::LoadTexture(char const *)" (?LoadTexture@Sprite@@AEAAXPEBD@Z)
TextureTGA.obj : error LNK2001: неразрешенный внешний символ "__imp_glTexParameteri"
Sprite.obj : error LNK2001: неразрешенный внешний символ "__imp___glewActiveTexture"
SpriteShader.obj : error LNK2001: неразрешенный внешний символ "__imp___glewGetUniformLocation"
TextureTGA.obj : error LNK2019: ссылка на неразрешенный внешний символ __imp_glDeleteTextures в функции "void __cdecl TextureDestroy(unsigned int)" (?TextureDestroy@@YAXI@Z)
D:\Documents\Visual Studio 2015\Projects\SportPitGame\x64\Debug\Graphics.dll : fatal error LNK1120: неразрешенных внешних элементов: 37
